This is pdfTeX, Version 3.14159265-2.6-1.40.19 (TeX Live 2018) (preloaded format=pdflatex 2019.4.25)  3 DEC 2019 19:33
entering extended mode
 restricted \write18 enabled.
 %&-line parsing enabled.
**main.tex
(./main.tex
LaTeX2e <2018-04-01> patch level 2
Babel <3.18> and hyphenation patterns for 84 language(s) loaded.
(./kaist-ucs-improved.cls

LaTeX Warning: You have requested document class `kaist-ucs-improved',
               but the document class provides `kaist-ucs'.

Document Class: kaist-ucs 2008/10/21 v0.4 Standard KAIST Thesis document class,
 ko.TeX version
(/usr/local/texlive/2018/texmf-dist/tex/latex/base/report.cls
Document Class: report 2014/09/29 v1.4h Standard LaTeX document class
(/usr/local/texlive/2018/texmf-dist/tex/latex/base/size10.clo
File: size10.clo 2014/09/29 v1.4h Standard LaTeX file (size option)
)
\c@part=\count80
\c@chapter=\count81
\c@section=\count82
\c@subsection=\count83
\c@subsubsection=\count84
\c@paragraph=\count85
\c@subparagraph=\count86
\c@figure=\count87
\c@table=\count88
\abovecaptionskip=\skip41
\belowcaptionskip=\skip42
\bibindent=\dimen102
)
(/usr/local/texlive/2018/texmf-dist/tex/latex/tools/indentfirst.sty
Package: indentfirst 1995/11/23 v1.03 Indent first paragraph (DPC)
)
(/usr/local/texlive/2018/texmf-dist/tex/latex/base/ifthen.sty
Package: ifthen 2014/09/29 v1.1c Standard LaTeX ifthen package (DPC)
)
(/usr/local/texlive/2018/texmf-dist/tex/latex/kotex-utf/dhucs.sty
Package: dhucs 2012/11/08 v5.3.2 typesetting UTF-8 Korean documents

(/usr/local/texlive/2018/texmf-dist/tex/latex/kotex-utf/kotexutf.sty
Package: kotexutf 2015/07/18 v2.1.1 typesetting UTF-8 Korean documents

(/usr/local/texlive/2018/texmf-dist/tex/latex/base/inputenc.sty
Package: inputenc 2018/04/06 v1.3b Input encoding file
\inpenc@prehook=\toks14
\inpenc@posthook=\toks15
)
(/usr/local/texlive/2018/texmf-dist/tex/plain/kotex-plain/kotexutf-core.tex
\unih@ngulpoint=\count89
\dhucs@emph@raise=\dimen103
)
Now handling font encoding LUC ...
... processing UTF-8 mapping file for font encoding LUC

(/usr/local/texlive/2018/texmf-dist/tex/latex/kotex-utf/lucenc.dfu
File: lucenc.dfu 2007/09/05 UTF-8 support for dhucs
   defining Unicode char U+00B7 (decimal 183)
   defining Unicode char U+2018 (decimal 8216)
   defining Unicode char U+2019 (decimal 8217)
   defining Unicode char U+201C (decimal 8220)
   defining Unicode char U+201D (decimal 8221)
   defining Unicode char U+3001 (decimal 12289)
   defining Unicode char U+3002 (decimal 12290)
   defining Unicode char U+3008 (decimal 12296)
   defining Unicode char U+3009 (decimal 12297)
   defining Unicode char U+300A (decimal 12298)
   defining Unicode char U+300B (decimal 12299)
   defining Unicode char U+300C (decimal 12300)
   defining Unicode char U+300D (decimal 12301)
   defining Unicode char U+300E (decimal 12302)
   defining Unicode char U+300F (decimal 12303)
   defining Unicode char U+3010 (decimal 12304)
   defining Unicode char U+3011 (decimal 12305)
   defining Unicode char U+3014 (decimal 12308)
   defining Unicode char U+3015 (decimal 12309)
   defining Unicode char U+3016 (decimal 12310)
   defining Unicode char U+3017 (decimal 12311)
   defining Unicode char U+3018 (decimal 12312)
   defining Unicode char U+3019 (decimal 12313)
   defining Unicode char U+301A (decimal 12314)
   defining Unicode char U+301B (decimal 12315)
   defining Unicode char U+FF01 (decimal 65281)
   defining Unicode char U+FF08 (decimal 65288)
   defining Unicode char U+FF09 (decimal 65289)
   defining Unicode char U+FF0C (decimal 65292)
   defining Unicode char U+FF0E (decimal 65294)
   defining Unicode char U+FF1A (decimal 65306)
   defining Unicode char U+FF1B (decimal 65307)
   defining Unicode char U+FF1C (decimal 65308)
   defining Unicode char U+FF1D (decimal 65309)
   defining Unicode char U+FF1E (decimal 65310)
   defining Unicode char U+FF1F (decimal 65311)
   defining Unicode char U+FF3B (decimal 65339)
   defining Unicode char U+FF3D (decimal 65341)
   defining Unicode char U+FF5B (decimal 65371)
   defining Unicode char U+FF5D (decimal 65373)
   defining Unicode char U+FF61 (decimal 65377)
   defining Unicode char U+FF62 (decimal 65378)
   defining Unicode char U+FF63 (decimal 65379)
   defining Unicode char U+FF64 (decimal 65380)
   defining Unicode char U+FF65 (decimal 65381)
)
\@josa=\count90
\josatoks=\toks16

(/usr/local/texlive/2018/texmf-dist/tex/latex/cjk-ko/kolabels-utf.sty
Package: kolabels-utf 2015/03/20 v1.5 UTF-8 Hangul item labels
)))
(/usr/local/texlive/2018/texmf-dist/tex/generic/oberdiek/ifpdf.sty
Package: ifpdf 2017/03/15 v3.2 Provides the ifpdf switch
)
(/usr/local/texlive/2018/texmf-dist/tex/latex/graphics/graphicx.sty
Package: graphicx 2017/06/01 v1.1a Enhanced LaTeX Graphics (DPC,SPQR)

(/usr/local/texlive/2018/texmf-dist/tex/latex/graphics/keyval.sty
Package: keyval 2014/10/28 v1.15 key=value parser (DPC)
\KV@toks@=\toks17
)
(/usr/local/texlive/2018/texmf-dist/tex/latex/graphics/graphics.sty
Package: graphics 2017/06/25 v1.2c Standard LaTeX Graphics (DPC,SPQR)

(/usr/local/texlive/2018/texmf-dist/tex/latex/graphics/trig.sty
Package: trig 2016/01/03 v1.10 sin cos tan (DPC)
)
(/usr/local/texlive/2018/texmf-dist/tex/latex/graphics-cfg/graphics.cfg
File: graphics.cfg 2016/06/04 v1.11 sample graphics configuration
)
Package graphics Info: Driver file: pdftex.def on input line 99.

(/usr/local/texlive/2018/texmf-dist/tex/latex/graphics-def/pdftex.def
File: pdftex.def 2018/01/08 v1.0l Graphics/color driver for pdftex
))
\Gin@req@height=\dimen104
\Gin@req@width=\dimen105
)
(/usr/local/texlive/2018/texmf-dist/tex/latex/xcolor/xcolor.sty
Package: xcolor 2016/05/11 v2.12 LaTeX color extensions (UK)

(/usr/local/texlive/2018/texmf-dist/tex/latex/graphics-cfg/color.cfg
File: color.cfg 2016/01/02 v1.6 sample color configuration
)
Package xcolor Info: Package option `final' ignored on input line 216.
Package xcolor Info: Driver file: pdftex.def on input line 225.
Package xcolor Info: Model `cmy' substituted by `cmy0' on input line 1348.
Package xcolor Info: Model `hsb' substituted by `rgb' on input line 1352.
Package xcolor Info: Model `RGB' extended on input line 1364.
Package xcolor Info: Model `HTML' substituted by `rgb' on input line 1366.
Package xcolor Info: Model `Hsb' substituted by `hsb' on input line 1367.
Package xcolor Info: Model `tHsb' substituted by `hsb' on input line 1368.
Package xcolor Info: Model `HSB' substituted by `hsb' on input line 1369.
Package xcolor Info: Model `Gray' substituted by `gray' on input line 1370.
Package xcolor Info: Model `wave' substituted by `hsb' on input line 1371.
)
(/usr/local/texlive/2018/texmf-dist/tex/latex/hyperref/hyperref.sty
Package: hyperref 2018/02/06 v6.86b Hypertext links for LaTeX

(/usr/local/texlive/2018/texmf-dist/tex/generic/oberdiek/hobsub-hyperref.sty
Package: hobsub-hyperref 2016/05/16 v1.14 Bundle oberdiek, subset hyperref (HO)


(/usr/local/texlive/2018/texmf-dist/tex/generic/oberdiek/hobsub-generic.sty
Package: hobsub-generic 2016/05/16 v1.14 Bundle oberdiek, subset generic (HO)
Package: hobsub 2016/05/16 v1.14 Construct package bundles (HO)
Package: infwarerr 2016/05/16 v1.4 Providing info/warning/error messages (HO)
Package: ltxcmds 2016/05/16 v1.23 LaTeX kernel commands for general use (HO)
Package: ifluatex 2016/05/16 v1.4 Provides the ifluatex switch (HO)
Package ifluatex Info: LuaTeX not detected.
Package: ifvtex 2016/05/16 v1.6 Detect VTeX and its facilities (HO)
Package ifvtex Info: VTeX not detected.
Package: intcalc 2016/05/16 v1.2 Expandable calculations with integers (HO)
Package hobsub Info: Skipping package `ifpdf' (already loaded).
Package: etexcmds 2016/05/16 v1.6 Avoid name clashes with e-TeX commands (HO)
Package etexcmds Info: Could not find \expanded.
(etexcmds)             That can mean that you are not using pdfTeX 1.50 or
(etexcmds)             that some package has redefined \expanded.
(etexcmds)             In the latter case, load this package earlier.
Package: kvsetkeys 2016/05/16 v1.17 Key value parser (HO)
Package: kvdefinekeys 2016/05/16 v1.4 Define keys (HO)
Package: pdftexcmds 2018/01/30 v0.27 Utility functions of pdfTeX for LuaTeX (HO
)
Package pdftexcmds Info: LuaTeX not detected.
Package pdftexcmds Info: \pdf@primitive is available.
Package pdftexcmds Info: \pdf@ifprimitive is available.
Package pdftexcmds Info: \pdfdraftmode found.
Package: pdfescape 2016/05/16 v1.14 Implements pdfTeX's escape features (HO)
Package: bigintcalc 2016/05/16 v1.4 Expandable calculations on big integers (HO
)
Package: bitset 2016/05/16 v1.2 Handle bit-vector datatype (HO)
Package: uniquecounter 2016/05/16 v1.3 Provide unlimited unique counter (HO)
)
Package hobsub Info: Skipping package `hobsub' (already loaded).
Package: letltxmacro 2016/05/16 v1.5 Let assignment for LaTeX macros (HO)
Package: hopatch 2016/05/16 v1.3 Wrapper for package hooks (HO)
Package: xcolor-patch 2016/05/16 xcolor patch
Package: atveryend 2016/05/16 v1.9 Hooks at the very end of document (HO)
Package atveryend Info: \enddocument detected (standard20110627).
Package: atbegshi 2016/06/09 v1.18 At begin shipout hook (HO)
Package: refcount 2016/05/16 v3.5 Data extraction from label references (HO)
Package: hycolor 2016/05/16 v1.8 Color options for hyperref/bookmark (HO)
)
(/usr/local/texlive/2018/texmf-dist/tex/generic/ifxetex/ifxetex.sty
Package: ifxetex 2010/09/12 v0.6 Provides ifxetex conditional
)
(/usr/local/texlive/2018/texmf-dist/tex/latex/oberdiek/auxhook.sty
Package: auxhook 2016/05/16 v1.4 Hooks for auxiliary files (HO)
)
(/usr/local/texlive/2018/texmf-dist/tex/latex/oberdiek/kvoptions.sty
Package: kvoptions 2016/05/16 v3.12 Key value format for package options (HO)
)
\@linkdim=\dimen106
\Hy@linkcounter=\count91
\Hy@pagecounter=\count92

(/usr/local/texlive/2018/texmf-dist/tex/latex/hyperref/pd1enc.def
File: pd1enc.def 2018/02/06 v6.86b Hyperref: PDFDocEncoding definition (HO)
Now handling font encoding PD1 ...
... no UTF-8 mapping file for font encoding PD1
)
\Hy@SavedSpaceFactor=\count93

(/usr/local/texlive/2018/texmf-dist/tex/latex/latexconfig/hyperref.cfg
File: hyperref.cfg 2002/06/06 v1.2 hyperref configuration of TeXLive
)
Package hyperref Info: Option `final' set `true' on input line 4383.
Package hyperref Info: Option `unicode' set `true' on input line 4383.

(/usr/local/texlive/2018/texmf-dist/tex/latex/hyperref/puenc.def
File: puenc.def 2018/02/06 v6.86b Hyperref: PDF Unicode definition (HO)
Now handling font encoding PU ...
... no UTF-8 mapping file for font encoding PU
)

Package hyperref Warning: Unexpected value for option `pdftex'
(hyperref)                is ignored on input line 4383.

Package hyperref Info: Option `bookmarks' set `true' on input line 4383.
Package hyperref Info: Option `colorlinks' set `true' on input line 4383.
Package hyperref Info: Option `pdfpagelabels' set `true' on input line 4383.
Package hyperref Info: Hyper figures OFF on input line 4509.
Package hyperref Info: Link nesting OFF on input line 4514.
Package hyperref Info: Hyper index ON on input line 4517.
Package hyperref Info: Plain pages OFF on input line 4524.
Package hyperref Info: Backreferencing OFF on input line 4529.
Package hyperref Info: Implicit mode ON; LaTeX internals redefined.
Package hyperref Info: Bookmarks ON on input line 4762.
\c@Hy@tempcnt=\count94
(/usr/local/texlive/2018/texmf-dist/tex/latex/url/url.sty
\Urlmuskip=\muskip10
Package: url 2013/09/16  ver 3.4  Verb mode for urls, etc.
)
LaTeX Info: Redefining \url on input line 5115.
\XeTeXLinkMargin=\dimen107
\Fld@menulength=\count95
\Field@Width=\dimen108
\Fld@charsize=\dimen109
Package hyperref Info: Hyper figures OFF on input line 6369.
Package hyperref Info: Link nesting OFF on input line 6374.
Package hyperref Info: Hyper index ON on input line 6377.
Package hyperref Info: backreferencing OFF on input line 6384.
Package hyperref Info: Link coloring ON on input line 6387.
Package hyperref Info: Link coloring with OCG OFF on input line 6394.
Package hyperref Info: PDF/A mode OFF on input line 6399.
LaTeX Info: Redefining \ref on input line 6439.
LaTeX Info: Redefining \pageref on input line 6443.
\Hy@abspage=\count96
\c@Item=\count97
\c@Hfootnote=\count98
)
Package hyperref Info: Driver: hpdftex.

(/usr/local/texlive/2018/texmf-dist/tex/latex/hyperref/hpdftex.def
File: hpdftex.def 2018/02/06 v6.86b Hyperref driver for pdfTeX
\Fld@listcount=\count99
\c@bookmark@seq@number=\count100

(/usr/local/texlive/2018/texmf-dist/tex/latex/oberdiek/rerunfilecheck.sty
Package: rerunfilecheck 2016/05/16 v1.8 Rerun checks for auxiliary files (HO)
Package uniquecounter Info: New unique counter `rerunfilecheck' on input line 2
82.
)
\Hy@SectionHShift=\skip43
)
(/usr/local/texlive/2018/texmf-dist/tex/latex/geometry/geometry.sty
Package: geometry 2018/03/24 v5.7 Page Geometry
\Gm@cnth=\count101
\Gm@cntv=\count102
\c@Gm@tempcnt=\count103
\Gm@bindingoffset=\dimen110
\Gm@wd@mp=\dimen111
\Gm@odd@mp=\dimen112
\Gm@even@mp=\dimen113
\Gm@layoutwidth=\dimen114
\Gm@layoutheight=\dimen115
\Gm@layouthoffset=\dimen116
\Gm@layoutvoffset=\dimen117
\Gm@dimlist=\toks18
)
\c@pagemarker=\count104
\c@itemnum1=\count105
\c@itemnum2=\count106
)
(/usr/local/texlive/2018/texmf-dist/tex/latex/lm/lmodern.sty
Package: lmodern 2009/10/30 v1.6 Latin Modern Fonts
LaTeX Font Info:    Overwriting symbol font `operators' in version `normal'
(Font)                  OT1/cmr/m/n --> OT1/lmr/m/n on input line 22.
LaTeX Font Info:    Overwriting symbol font `letters' in version `normal'
(Font)                  OML/cmm/m/it --> OML/lmm/m/it on input line 23.
LaTeX Font Info:    Overwriting symbol font `symbols' in version `normal'
(Font)                  OMS/cmsy/m/n --> OMS/lmsy/m/n on input line 24.
LaTeX Font Info:    Overwriting symbol font `largesymbols' in version `normal'
(Font)                  OMX/cmex/m/n --> OMX/lmex/m/n on input line 25.
LaTeX Font Info:    Overwriting symbol font `operators' in version `bold'
(Font)                  OT1/cmr/bx/n --> OT1/lmr/bx/n on input line 26.
LaTeX Font Info:    Overwriting symbol font `letters' in version `bold'
(Font)                  OML/cmm/b/it --> OML/lmm/b/it on input line 27.
LaTeX Font Info:    Overwriting symbol font `symbols' in version `bold'
(Font)                  OMS/cmsy/b/n --> OMS/lmsy/b/n on input line 28.
LaTeX Font Info:    Overwriting symbol font `largesymbols' in version `bold'
(Font)                  OMX/cmex/m/n --> OMX/lmex/m/n on input line 29.
LaTeX Font Info:    Overwriting math alphabet `\mathbf' in version `normal'
(Font)                  OT1/cmr/bx/n --> OT1/lmr/bx/n on input line 31.
LaTeX Font Info:    Overwriting math alphabet `\mathsf' in version `normal'
(Font)                  OT1/cmss/m/n --> OT1/lmss/m/n on input line 32.
LaTeX Font Info:    Overwriting math alphabet `\mathit' in version `normal'
(Font)                  OT1/cmr/m/it --> OT1/lmr/m/it on input line 33.
LaTeX Font Info:    Overwriting math alphabet `\mathtt' in version `normal'
(Font)                  OT1/cmtt/m/n --> OT1/lmtt/m/n on input line 34.
LaTeX Font Info:    Overwriting math alphabet `\mathbf' in version `bold'
(Font)                  OT1/cmr/bx/n --> OT1/lmr/bx/n on input line 35.
LaTeX Font Info:    Overwriting math alphabet `\mathsf' in version `bold'
(Font)                  OT1/cmss/bx/n --> OT1/lmss/bx/n on input line 36.
LaTeX Font Info:    Overwriting math alphabet `\mathit' in version `bold'
(Font)                  OT1/cmr/bx/it --> OT1/lmr/bx/it on input line 37.
LaTeX Font Info:    Overwriting math alphabet `\mathtt' in version `bold'
(Font)                  OT1/cmtt/m/n --> OT1/lmtt/m/n on input line 38.
)
(/usr/local/texlive/2018/texmf-dist/tex/latex/tools/array.sty
Package: array 2018/04/07 v2.4g Tabular extension package (FMi)
\col@sep=\dimen118
\ar@mcellbox=\box26
\extrarowheight=\dimen119
\NC@list=\toks19
\extratabsurround=\skip44
\backup@length=\skip45
\ar@cellbox=\box27
)
(/usr/local/texlive/2018/texmf-dist/tex/latex/numprint/numprint.sty
Package: numprint 2012/08/20 v1.39 Print numbers (HH)
\c@nprt@mantissa@digitsbefore=\count107
\c@nprt@mantissa@digitsafter=\count108
\c@nprt@exponent@digitsbefore=\count109
\c@nprt@exponent@digitsafter=\count110
\nprt@digitwidth=\skip46
\nprt@sepwidth=\skip47
\nprt@decimalwidth=\skip48
\nprt@blockwidth=\skip49
\nprt@digittoks=\toks20
\nprt@pretoks=\toks21
\nprt@posttoks=\toks22
\nprt@thisdigit=\count111
\nprt@curpos=\count112
\nprt@rndpos=\count113
\c@nprt@digitsfirstblock=\count114
\c@nprt@blockcnt=\count115
\c@nprt@cntprint=\count116

No configuration file `numprint.cfg' found.)
(/usr/local/texlive/2018/texmf-dist/tex/latex/multirow/multirow.sty
Package: multirow 2016/11/25 v2.2 Span multiple rows of a table
\multirow@colwidth=\skip50
\multirow@cntb=\count117
\multirow@dima=\skip51
\bigstrutjot=\dimen120
)
(/usr/local/texlive/2018/texmf-dist/tex/latex/booktabs/booktabs.sty
Package: booktabs 2016/04/27 v1.618033 publication quality tables
\heavyrulewidth=\dimen121
\lightrulewidth=\dimen122
\cmidrulewidth=\dimen123
\belowrulesep=\dimen124
\belowbottomsep=\dimen125
\aboverulesep=\dimen126
\abovetopsep=\dimen127
\cmidrulesep=\dimen128
\cmidrulekern=\dimen129
\defaultaddspace=\dimen130
\@cmidla=\count118
\@cmidlb=\count119
\@aboverulesep=\dimen131
\@belowrulesep=\dimen132
\@thisruleclass=\count120
\@lastruleclass=\count121
\@thisrulewidth=\dimen133
)
(/usr/local/texlive/2018/texmf-dist/tex/latex/threeparttable/threeparttable.sty
Package: threeparttable 2003/06/13  v 3.0
\@tempboxb=\box28
) (/usr/local/texlive/2018/texmf-dist/tex/latex/amsmath/amsmath.sty
Package: amsmath 2017/09/02 v2.17a AMS math features
\@mathmargin=\skip52

For additional information on amsmath, use the `?' option.
(/usr/local/texlive/2018/texmf-dist/tex/latex/amsmath/amstext.sty
Package: amstext 2000/06/29 v2.01 AMS text

(/usr/local/texlive/2018/texmf-dist/tex/latex/amsmath/amsgen.sty
File: amsgen.sty 1999/11/30 v2.0 generic functions
\@emptytoks=\toks23
\ex@=\dimen134
))
(/usr/local/texlive/2018/texmf-dist/tex/latex/amsmath/amsbsy.sty
Package: amsbsy 1999/11/29 v1.2d Bold Symbols
\pmbraise@=\dimen135
)
(/usr/local/texlive/2018/texmf-dist/tex/latex/amsmath/amsopn.sty
Package: amsopn 2016/03/08 v2.02 operator names
)
\inf@bad=\count122
LaTeX Info: Redefining \frac on input line 213.
\uproot@=\count123
\leftroot@=\count124
LaTeX Info: Redefining \overline on input line 375.
\classnum@=\count125
\DOTSCASE@=\count126
LaTeX Info: Redefining \ldots on input line 472.
LaTeX Info: Redefining \dots on input line 475.
LaTeX Info: Redefining \cdots on input line 596.
\Mathstrutbox@=\box29
\strutbox@=\box30
\big@size=\dimen136
LaTeX Font Info:    Redeclaring font encoding OML on input line 712.
LaTeX Font Info:    Redeclaring font encoding OMS on input line 713.
\macc@depth=\count127
\c@MaxMatrixCols=\count128
\dotsspace@=\muskip11
\c@parentequation=\count129
\dspbrk@lvl=\count130
\tag@help=\toks24
\row@=\count131
\column@=\count132
\maxfields@=\count133
\andhelp@=\toks25
\eqnshift@=\dimen137
\alignsep@=\dimen138
\tagshift@=\dimen139
\tagwidth@=\dimen140
\totwidth@=\dimen141
\lineht@=\dimen142
\@envbody=\toks26
\multlinegap=\skip53
\multlinetaggap=\skip54
\mathdisplay@stack=\toks27
LaTeX Info: Redefining \[ on input line 2817.
LaTeX Info: Redefining \] on input line 2818.
)
(/usr/local/texlive/2018/texmf-dist/tex/latex/listings/listings.sty
\lst@mode=\count134
\lst@gtempboxa=\box31
\lst@token=\toks28
\lst@length=\count135
\lst@currlwidth=\dimen143
\lst@column=\count136
\lst@pos=\count137
\lst@lostspace=\dimen144
\lst@width=\dimen145
\lst@newlines=\count138
\lst@lineno=\count139
\lst@maxwidth=\dimen146

(/usr/local/texlive/2018/texmf-dist/tex/latex/listings/lstmisc.sty
File: lstmisc.sty 2015/06/04 1.6 (Carsten Heinz)
\c@lstnumber=\count140
\lst@skipnumbers=\count141
\lst@framebox=\box32
)
(/usr/local/texlive/2018/texmf-dist/tex/latex/listings/listings.cfg
File: listings.cfg 2015/06/04 1.6 listings configuration
))
Package: listings 2015/06/04 1.6 (Carsten Heinz)

(./shortcuts.sty
Package hyperref Info: Option `colorlinks' set `true' on input line 53.

(/usr/local/texlive/2018/texmf-dist/tex/generic/xstring/xstring.sty
(/usr/local/texlive/2018/texmf-dist/tex/generic/xstring/xstring.tex
\@xs@message=\write3
\integerpart=\count142
\decimalpart=\count143
)
Package: xstring 2013/10/13  v1.7c  String manipulations (C Tellechea)
)
(/usr/local/texlive/2018/texmf-dist/tex/latex/l3kernel/expl3.sty
Package: expl3 2018/03/05 L3 programming layer (loader) 

(/usr/local/texlive/2018/texmf-dist/tex/latex/l3kernel/expl3-code.tex
Package: expl3 2018/03/05 L3 programming layer (code)
\c_max_int=\count144
\l_tmpa_int=\count145
\l_tmpb_int=\count146
\g_tmpa_int=\count147
\g_tmpb_int=\count148
\g__intarray_font_int=\count149
\g__prg_map_int=\count150
\c_log_iow=\count151
\l_iow_line_count_int=\count152
\l__iow_line_target_int=\count153
\l__iow_one_indent_int=\count154
\l__iow_indent_int=\count155
\c_zero_dim=\dimen147
\c_max_dim=\dimen148
\l_tmpa_dim=\dimen149
\l_tmpb_dim=\dimen150
\g_tmpa_dim=\dimen151
\g_tmpb_dim=\dimen152
\c_zero_skip=\skip55
\c_max_skip=\skip56
\l_tmpa_skip=\skip57
\l_tmpb_skip=\skip58
\g_tmpa_skip=\skip59
\g_tmpb_skip=\skip60
\c_zero_muskip=\muskip12
\c_max_muskip=\muskip13
\l_tmpa_muskip=\muskip14
\l_tmpb_muskip=\muskip15
\g_tmpa_muskip=\muskip16
\g_tmpb_muskip=\muskip17
\l_keys_choice_int=\count156
\c__fp_leading_shift_int=\count157
\c__fp_middle_shift_int=\count158
\c__fp_trailing_shift_int=\count159
\c__fp_big_leading_shift_int=\count160
\c__fp_big_middle_shift_int=\count161
\c__fp_big_trailing_shift_int=\count162
\c__fp_Bigg_leading_shift_int=\count163
\c__fp_Bigg_middle_shift_int=\count164
\c__fp_Bigg_trailing_shift_int=\count165
\c__fp_rand_size_int=\count166
\c__fp_rand_four_int=\count167
\c__fp_rand_eight_int=\count168
\l__sort_length_int=\count169
\l__sort_min_int=\count170
\l__sort_top_int=\count171
\l__sort_max_int=\count172
\l__sort_true_max_int=\count173
\l__sort_block_int=\count174
\l__sort_begin_int=\count175
\l__sort_end_int=\count176
\l__sort_A_int=\count177
\l__sort_B_int=\count178
\l__sort_C_int=\count179
\l__tl_build_start_index_int=\count180
\l__tl_build_index_int=\count181
\l__tl_analysis_normal_int=\count182
\l__tl_analysis_index_int=\count183
\l__tl_analysis_nesting_int=\count184
\l__tl_analysis_type_int=\count185
\l__regex_internal_a_int=\count186
\l__regex_internal_b_int=\count187
\l__regex_internal_c_int=\count188
\l__regex_balance_int=\count189
\l__regex_group_level_int=\count190
\l__regex_mode_int=\count191
\c__regex_cs_in_class_mode_int=\count192
\c__regex_cs_mode_int=\count193
\l__regex_catcodes_int=\count194
\l__regex_default_catcodes_int=\count195
\c__regex_catcode_D_int=\count196
\c__regex_catcode_S_int=\count197
\c__regex_catcode_L_int=\count198
\c__regex_catcode_O_int=\count199
\c__regex_catcode_A_int=\count266
\c__regex_all_catcodes_int=\count267
\l__regex_show_lines_int=\count268
\l__regex_min_state_int=\count269
\l__regex_max_state_int=\count270
\l__regex_left_state_int=\count271
\l__regex_right_state_int=\count272
\l__regex_capturing_group_int=\count273
\l__regex_min_pos_int=\count274
\l__regex_max_pos_int=\count275
\l__regex_curr_pos_int=\count276
\l__regex_start_pos_int=\count277
\l__regex_success_pos_int=\count278
\l__regex_curr_char_int=\count279
\l__regex_curr_catcode_int=\count280
\l__regex_last_char_int=\count281
\l__regex_case_changed_char_int=\count282
\l__regex_curr_state_int=\count283
\l__regex_step_int=\count284
\l__regex_min_active_int=\count285
\l__regex_max_active_int=\count286
\l__regex_replacement_csnames_int=\count287
\l__regex_match_count_int=\count288
\l__regex_min_submatch_int=\count289
\l__regex_submatch_int=\count290
\l__regex_zeroth_submatch_int=\count291
\g__regex_trace_regex_int=\count292
\c_empty_box=\box33
\l_tmpa_box=\box34
\l_tmpb_box=\box35
\g_tmpa_box=\box36
\g_tmpb_box=\box37
\l__box_top_dim=\dimen153
\l__box_bottom_dim=\dimen154
\l__box_left_dim=\dimen155
\l__box_right_dim=\dimen156
\l__box_top_new_dim=\dimen157
\l__box_bottom_new_dim=\dimen158
\l__box_left_new_dim=\dimen159
\l__box_right_new_dim=\dimen160
\l__box_internal_box=\box38
\l__coffin_internal_box=\box39
\l__coffin_internal_dim=\dimen161
\l__coffin_offset_x_dim=\dimen162
\l__coffin_offset_y_dim=\dimen163
\l__coffin_x_dim=\dimen164
\l__coffin_y_dim=\dimen165
\l__coffin_x_prime_dim=\dimen166
\l__coffin_y_prime_dim=\dimen167
\c_empty_coffin=\box40
\l__coffin_aligned_coffin=\box41
\l__coffin_aligned_internal_coffin=\box42
\l_tmpa_coffin=\box43
\l_tmpb_coffin=\box44
\l__coffin_display_coffin=\box45
\l__coffin_display_coord_coffin=\box46
\l__coffin_display_pole_coffin=\box47
\l__coffin_display_offset_dim=\dimen168
\l__coffin_display_x_dim=\dimen169
\l__coffin_display_y_dim=\dimen170
\l__coffin_bounding_shift_dim=\dimen171
\l__coffin_left_corner_dim=\dimen172
\l__coffin_right_corner_dim=\dimen173
\l__coffin_bottom_corner_dim=\dimen174
\l__coffin_top_corner_dim=\dimen175
\l__coffin_scaled_total_height_dim=\dimen176
\l__coffin_scaled_width_dim=\dimen177
)
(/usr/local/texlive/2018/texmf-dist/tex/latex/l3kernel/l3pdfmode.def
File: l3pdfmode.def 2017/03/18 v L3 Experimental driver: PDF mode
\l__driver_color_stack_int=\count293
)))
(./main.aux)
\openout1 = `main.aux'.

LaTeX Font Info:    Checking defaults for OML/cmm/m/it on input line 187.
LaTeX Font Info:    ... okay on input line 187.
LaTeX Font Info:    Checking defaults for T1/cmr/m/n on input line 187.
LaTeX Font Info:    ... okay on input line 187.
LaTeX Font Info:    Checking defaults for OT1/cmr/m/n on input line 187.
LaTeX Font Info:    ... okay on input line 187.
LaTeX Font Info:    Checking defaults for OMS/cmsy/m/n on input line 187.
LaTeX Font Info:    ... okay on input line 187.
LaTeX Font Info:    Checking defaults for OMX/cmex/m/n on input line 187.
LaTeX Font Info:    ... okay on input line 187.
LaTeX Font Info:    Checking defaults for U/cmr/m/n on input line 187.
LaTeX Font Info:    ... okay on input line 187.
LaTeX Font Info:    Checking defaults for LUC/nanummj/m/n on input line 187.
LaTeX Font Info:    Try loading font information for LUC+nanummj on input line 
187.

(/usr/local/texlive/2018/texmf-dist/tex/latex/nanumtype1/lucnanummj.fd
File: lucnanummj.fd 2013/02/12 v0.1 Nanum Myeongjo font definitions
)
LaTeX Font Info:    ... okay on input line 187.
LaTeX Font Info:    Checking defaults for PD1/pdf/m/n on input line 187.
LaTeX Font Info:    ... okay on input line 187.
LaTeX Font Info:    Checking defaults for PU/pdf/m/n on input line 187.
LaTeX Font Info:    ... okay on input line 187.
LaTeX Font Info:    Try loading font information for OT1+lmr on input line 187.


(/usr/local/texlive/2018/texmf-dist/tex/latex/lm/ot1lmr.fd
File: ot1lmr.fd 2009/10/30 v1.6 Font defs for Latin Modern
)
(/usr/local/texlive/2018/texmf-dist/tex/context/base/mkii/supp-pdf.mkii
[Loading MPS to PDF converter (version 2006.09.02).]
\scratchcounter=\count294
\scratchdimen=\dimen178
\scratchbox=\box48
\nofMPsegments=\count295
\nofMParguments=\count296
\everyMPshowfont=\toks29
\MPscratchCnt=\count297
\MPscratchDim=\dimen179
\MPnumerator=\count298
\makeMPintoPDFobject=\count299
\everyMPtoPDFconversion=\toks30
) (/usr/local/texlive/2018/texmf-dist/tex/latex/oberdiek/epstopdf-base.sty
Package: epstopdf-base 2016/05/15 v2.6 Base part for package epstopdf

(/usr/local/texlive/2018/texmf-dist/tex/latex/oberdiek/grfext.sty
Package: grfext 2016/05/16 v1.2 Manage graphics extensions (HO)
)
Package epstopdf-base Info: Redefining graphics rule for `.eps' on input line 4
38.
Package grfext Info: Graphics extension search list:
(grfext)             [.pdf,.png,.jpg,.mps,.jpeg,.jbig2,.jb2,.PDF,.PNG,.JPG,.JPE
G,.JBIG2,.JB2,.eps]
(grfext)             \AppendGraphicsExtensions on input line 456.

(/usr/local/texlive/2018/texmf-dist/tex/latex/latexconfig/epstopdf-sys.cfg
File: epstopdf-sys.cfg 2010/07/13 v1.3 Configuration of (r)epstopdf for TeX Liv
e
))
\AtBeginShipoutBox=\box49
Package hyperref Info: Link coloring ON on input line 187.

(/usr/local/texlive/2018/texmf-dist/tex/latex/hyperref/nameref.sty
Package: nameref 2016/05/21 v2.44 Cross-referencing by name of section

(/usr/local/texlive/2018/texmf-dist/tex/generic/oberdiek/gettitlestring.sty
Package: gettitlestring 2016/05/16 v1.5 Cleanup title references (HO)
)
\c@section@level=\count300
)
LaTeX Info: Redefining \ref on input line 187.
LaTeX Info: Redefining \pageref on input line 187.
LaTeX Info: Redefining \nameref on input line 187.

(./main.out) (./main.out)
\@outlinefile=\write4
\openout4 = `main.out'.

LaTeX Font Info:    Try loading font information for OML+lmm on input line 187.


(/usr/local/texlive/2018/texmf-dist/tex/latex/lm/omllmm.fd
File: omllmm.fd 2009/10/30 v1.6 Font defs for Latin Modern
)
LaTeX Font Info:    Try loading font information for OMS+lmsy on input line 187
.

(/usr/local/texlive/2018/texmf-dist/tex/latex/lm/omslmsy.fd
File: omslmsy.fd 2009/10/30 v1.6 Font defs for Latin Modern
)
LaTeX Font Info:    Try loading font information for OMX+lmex on input line 187
.

(/usr/local/texlive/2018/texmf-dist/tex/latex/lm/omxlmex.fd
File: omxlmex.fd 2009/10/30 v1.6 Font defs for Latin Modern
)
LaTeX Font Info:    External font `lmex10' loaded for size
(Font)              <10> on input line 187.
LaTeX Font Info:    External font `lmex10' loaded for size
(Font)              <7> on input line 187.
LaTeX Font Info:    External font `lmex10' loaded for size
(Font)              <5> on input line 187.
 [1

{/usr/local/texlive/2018/texmf-var/fonts/map/pdftex/updmap/pdftex.map}] [2] [3]
LaTeX Font Info:    Calculating math sizes for size <14> on input line 187.
LaTeX Font Info:    External font `lmex10' loaded for size
(Font)              <14> on input line 187.
LaTeX Font Info:    External font `lmex10' loaded for size
(Font)              <9.79996> on input line 187.
LaTeX Font Info:    External font `lmex10' loaded for size
(Font)              <12> on input line 187.
LaTeX Font Info:    External font `lmex10' loaded for size
(Font)              <8> on input line 187.
LaTeX Font Info:    External font `lmex10' loaded for size
(Font)              <6> on input line 187.

Overfull \hbox (2.22221pt too wide) in paragraph at lines 187--187
[]  [] 
 []


Underfull \hbox (badness 10000) in paragraph at lines 187--187

 []

[4]
*geometry* driver: auto-detecting
*geometry* detected driver: pdftex
*geometry* verbose mode - [ preamble ] result:
* driver: pdftex
* paper: a4paper
* layout: <same size as paper>
* layoutoffset:(h,v)=(0.0pt,0.0pt)
* modes: 
* h-part:(L,W,R)=(72.26997pt, 452.96793pt, 72.26997pt)
* v-part:(T,H,B)=(85.35826pt, 687.41861pt, 72.26997pt)
* \paperwidth=597.50787pt
* \paperheight=845.04684pt
* \textwidth=452.96793pt
* \textheight=687.41861pt
* \oddsidemargin=-0.00002pt
* \evensidemargin=-0.00002pt
* \topmargin=-23.91173pt
* \headheight=12.0pt
* \headsep=25.0pt
* \topskip=10.0pt
* \footskip=30.0pt
* \marginparwidth=57.0pt
* \marginparsep=11.0pt
* \columnsep=10.0pt
* \skip\footins=9.0pt plus 4.0pt minus 2.0pt
* \hoffset=0.0pt
* \voffset=0.0pt
* \mag=1000
* \@twocolumnfalse
* \@twosidefalse
* \@mparswitchfalse
* \@reversemarginfalse
* (1in=72.27pt=25.4mm, 1cm=28.453pt)

\c@lstlisting=\count301
\@thesisinfowidth=\skip61
LaTeX Font Info:    Try loading font information for OT1+lmss on input line 199
.
(/usr/local/texlive/2018/texmf-dist/tex/latex/lm/ot1lmss.fd
File: ot1lmss.fd 2009/10/30 v1.6 Font defs for Latin Modern
)
LaTeX Font Info:    Try loading font information for LUC+nanumgt on input line 
199.

(/usr/local/texlive/2018/texmf-dist/tex/latex/nanumtype1/lucnanumgt.fd
File: lucnanumgt.fd 2013/02/12 v0.1 Nanum Gothic font definitions
)
Overfull \hbox (2.22221pt too wide) in paragraph at lines 199--200
[] [] 
 []

(./sections/abstract.tex [1]) (./sections/abstract_kor.tex
Underfull \hbox (badness 10000) in paragraph at lines 2--3

 []

)pdfTeX warning (ext4): destination with the same identifier (name{page.}) has 
been already used, duplicate ignored
<to be read again> 
                   \relax 
l.220     \newpage
                   [2]

Package hyperref Warning: bookmark level for unknown content defaults to 0.

(./main.toc [1

])
\tf@toc=\write5
\openout5 = `main.toc'.

 [2] (./main.lot)
\tf@lot=\write6
\openout6 = `main.lot'.

 [3

] (./main.lof)
\tf@lof=\write7
\openout7 = `main.lof'.

 [4

]
(./sections/introduction.tex
Chapter 1.
pdfTeX warning (ext4): destination with the same identifier (name{page.1}) has 
been already used, duplicate ignored
<to be read again> 
                   \relax 
l.78 T
      herefore, we investigated resource-related threats that exploit the de...
[1

]
LaTeX Font Info:    Try loading font information for OMS+lmr on input line 99.
 (/usr/local/texlive/2018/texmf-dist/tex/latex/lm/omslmr.fd
File: omslmr.fd 2009/10/30 v1.6 Font defs for Latin Modern
)
LaTeX Font Info:    Font shape `OMS/lmr/m/n' in size <10> not available
(Font)              Font shape `OMS/lmsy/m/n' tried instead on input line 99.
)
(./sections/chapter1/background.texpdfTeX warning (ext4): destination with the 
same identifier (name{page.2}) has been already used, duplicate ignored
<to be read again> 
                   \relax 
l.1 \chapter
            {Background} [2]
Chapter 2.

Package hyperref Warning: Token not allowed in a PDF string (Unicode):
(hyperref)                \kern 1.66702pt
(hyperref)                removed on input line 4.

<figures/philosophy.pdf, id=396, 340.59056pt x 251.08977pt>
File: figures/philosophy.pdf Graphic file (type pdf)
<use figures/philosophy.pdf>
Package pdftex.def Info: figures/philosophy.pdf  used on input line 8.
(pdftex.def)             Requested size: 452.96793pt x 333.96053pt.
pdfTeX warning (ext4): destination with the same identifier (name{page.3}) has 
been already used, duplicate ignored
<to be read again> 
                   \relax 
l.54 
      [3

 <./figures/philosophy.pdf>]

Package hyperref Warning: Token not allowed in a PDF string (Unicode):
(hyperref)                \kern 1.66702pt
(hyperref)                removed on input line 57.


Package hyperref Warning: Token not allowed in a PDF string (Unicode):
(hyperref)                \kern 1.66702pt
(hyperref)                removed on input line 94.

pdfTeX warning (ext4): destination with the same identifier (name{page.4}) has 
been already used, duplicate ignored
<to be read again> 
                   \relax 
l.132 
       [4]

Package hyperref Warning: Token not allowed in a PDF string (Unicode):
(hyperref)                \kern 1.66702pt
(hyperref)                removed on input line 137.

LaTeX Font Info:    Try loading font information for OT1+lmtt on input line 157
.
(/usr/local/texlive/2018/texmf-dist/tex/latex/lm/ot1lmtt.fd
File: ot1lmtt.fd 2009/10/30 v1.6 Font defs for Latin Modern
))
(./sections/chapter1/attackModel.tex
Overfull \hbox (3.43124pt too wide) in paragraph at lines 152--1
\OT1/lmr/m/n/10 e-cute their SCs. In such cases, SCPs can del-e-gate the re-sou
rce us-age to users. Even though EOS.IOenables
 []

[5]
Chapter 3.

Overfull \hbox (1.28305pt too wide) in paragraph at lines 29--33
[]\OT1/lmr/m/n/10 Note that our ad-ver-sary model is sim-i-lar to those used in
 the pre-vi-ous stud-ies that ex-ploit SCbugs [[],
 []

) (./sections/chapter1/attack.tex [6

]
Chapter 4.
<figures/BlockDOS.pdf, id=489, 446.27419pt x 344.76031pt>
File: figures/BlockDOS.pdf Graphic file (type pdf)
<use figures/BlockDOS.pdf>
Package pdftex.def Info: figures/BlockDOS.pdf  used on input line 73.
(pdftex.def)             Requested size: 407.66837pt x 314.94757pt.
[7

] [8 <./figures/BlockDOS.pdf>] (./tables/nodoseval.tex) [9]

Package hyperref Warning: Token not allowed in a PDF string (Unicode):
(hyperref)                \kern 1.66702pt
(hyperref)                removed on input line 239.

(./tables/tesereval.tex) [10]

Package hyperref Warning: Token not allowed in a PDF string (Unicode):
(hyperref)                \kern 1.66702pt
(hyperref)                removed on input line 293.

[11]
<figures/CREAT2.pdf, id=552, 981.80829pt x 756.02519pt>
File: figures/CREAT2.pdf Graphic file (type pdf)
<use figures/CREAT2.pdf>
Package pdftex.def Info: figures/CREAT2.pdf  used on input line 330.
(pdftex.def)             Requested size: 362.37572pt x 279.04431pt.
 [12 <./figures/CREAT2.pdf>]

Package hyperref Warning: Token not allowed in a PDF string (Unicode):
(hyperref)                \kern 1.66702pt
(hyperref)                removed on input line 365.

<figures/RAMSOMWARE_EVAL.pdf, id=596, 421.60376pt x 291.70651pt>
File: figures/RAMSOMWARE_EVAL.pdf Graphic file (type pdf)
<use figures/RAMSOMWARE_EVAL.pdf>
Package pdftex.def Info: figures/RAMSOMWARE_EVAL.pdf  used on input line 369.
(pdftex.def)             Requested size: 362.37572pt x 250.72916pt.
[13 <./figures/RAMSOMWARE_EVAL.pdf>]) (./sections/chapter1/defense.tex [14]
Chapter 5.

Overfull \hbox (6.69685pt too wide) in paragraph at lines 13--26
[]\OT1/lmr/m/n/10 The SCP CPU-drain, SCP RAM-drain, and RAM-somwareattacks can 
be eas-ily pre-vented if SCPsand
 []

[15

]) (./sections/chapter1/scalarable.tex [16]
Chapter 6.
<figures/scalableval.pdf, id=657, 839.2892pt x 421.24316pt>
File: figures/scalableval.pdf Graphic file (type pdf)
<use figures/scalableval.pdf>
Package pdftex.def Info: figures/scalableval.pdf  used on input line 16.
(pdftex.def)             Requested size: 452.96793pt x 227.3458pt.

Overfull \hbox (14.26161pt too wide) in paragraph at lines 29--33
\OT1/lmr/m/n/10 pack-ets. and we got method for col-lect-ing smart Con-tracts f
rom pro-ducer name us-ing "get[]raw[]code[]and.abi"
 []

[17

 <./figures/scalableval.pdf>] [18] (./tables/escv.tex
Overfull \hbox (22.15776pt too wide) in paragraph at lines 6--15
[][] 
 []

)
Overfull \hbox (15.97697pt too wide) in paragraph at lines 99--100
\OT1/lmr/m/n/10 There-fore, E-SCV cal-cu-lates ev-ery in-struc-tions and data a
long to constraint-path as Depth First Search(DFS)
 []

[19]) (./sections/chapter1/RelatedWork.tex [20]
Chapter 7.

Package hyperref Warning: Token not allowed in a PDF string (Unicode):
(hyperref)                \kern 1.66702pt
(hyperref)                removed on input line 75.

) (./sections/conclusion.tex [21

] [22]) (./main.bbl [23

]
Underfull \hbox (badness 2961) in paragraph at lines 30--33
[]\OT1/lmr/m/n/8 Bastien, J., Gohman, D.: We-bAssem-bly: Here Be Drag-ons. [][]
$\OT1/lmtt/m/n/8 https : / / llvm\OML/lmm/m/it/8 :\OT1/lmtt/m/n/8 org / devmtg 
/ 2015 -[] 10 / slides /
 []


Underfull \hbox (badness 1881) in paragraph at lines 72--74
[]\OT1/lmr/m/n/8 Hinteregger, A., Hasl-hofer, B.: An em-pir-i-cal anal-y-sis of
 mon-ero cross-chain trace-abil-ity. arXiv preprint
 []


Underfull \hbox (badness 10000) in paragraph at lines 104--106
[]\OT1/lmr/m/n/8 King, J.C.: Sym-bolic ex-e-cu-tion and program test-ing (1997)
, [][]$\OT1/lmtt/m/n/8 https : / / yurichev\OML/lmm/m/it/8 :\OT1/lmtt/m/n/8 com
 / mirrors /
 []

[24

]
Underfull \hbox (badness 1810) in paragraph at lines 162--166
[]\OT1/lmr/m/n/8 Ogono, U.: Vul-ner-a-bil-i-ties in bit-coin, rip-ple, and ethe
reum dig-i-tal sig-na-tures dis-cov-ered by re-searchers.
 []


Underfull \hbox (badness 10000) in paragraph at lines 162--166
[][]$\OT1/lmtt/m/n/8 https : / / smartereum\OML/lmm/m/it/8 :\OT1/lmtt/m/n/8 com
 / 46548 / cryptocurrency -[] digital -[] signatures -[] vulnerabilities -[] in
 -[] bitcoin -[] ripple -[]
 []


Underfull \hbox (badness 5862) in paragraph at lines 168--172
[]\OT1/lmr/m/n/8 PeckShield: Eos \transaction con-ges-tion at-tack": At-tack-er
s could par-a-lyze eos net-work with min-
 []


Underfull \hbox (badness 7326) in paragraph at lines 168--172
\OT1/lmr/m/n/8 i-mal cost. [][]$\OT1/lmtt/m/n/8 https : / / medium\OML/lmm/m/it
/8 :\OT1/lmtt/m/n/8 com / @peckshield / eos -[] transaction -[] congestion -[] 
attack -[] attackers -[] could -[] paralyze -[]
 []

) [25] (./sections/cv.tex [26

]
Underfull \hbox (badness 10000) detected at line 19
\LUC/nanummj/bx/n/12/d5 Y \LUC/nanummj/bx/n/12/b8 %
 []


Underfull \hbox (badness 10000) detected at line 28
\LUC/nanummj/bx/n/12/ac ½ \LUC/nanummj/bx/n/12/b8 %
 []


Underfull \hbox (badness 1270) detected at line 47
[]\OT1/lmss/m/n/10 1. []
 []


Underfull \hbox (badness 1270) detected at line 48
[]\OT1/lmss/m/n/10 2. []
 []


Underfull \hbox (badness 1270) detected at line 49
[]\OT1/lmss/m/n/10 3. []
 []

LaTeX Font Info:    Font shape `LUC/nanummj/m/it' in size <10> not available
(Font)              Font shape `LUC/nanummj/m/sl' tried instead on input line 4
9.

Underfull \hbox (badness 1270) detected at line 50
[]\OT1/lmss/m/n/10 4. []
 []


Underfull \hbox (badness 1270) detected at line 51
[]\OT1/lmss/m/n/10 5. []
 []


Underfull \hbox (badness 1270) detected at line 52
[]\OT1/lmss/m/n/10 6. []
 []


Underfull \hbox (badness 1270) detected at line 53
[]\OT1/lmss/m/n/10 7. []
 []


Underfull \hbox (badness 1270) detected at line 54
[]\OT1/lmss/m/n/10 8. []
 []


Underfull \hbox (badness 1270) detected at line 55
[]\OT1/lmss/m/n/10 9. []
 []


Underfull \hbox (badness 1270) detected at line 64
[]\OT1/lmss/m/n/10 1. []
 []

)
Package atveryend Info: Empty hook `BeforeClearDocument' on input line 310.
 [27

]
Package atveryend Info: Empty hook `AfterLastShipout' on input line 310.
 (./main.aux)
Package atveryend Info: Executing hook `AtVeryEndDocument' on input line 310.
Package atveryend Info: Executing hook `AtEndAfterFileList' on input line 310.
Package rerunfilecheck Info: File `main.out' has not changed.
(rerunfilecheck)             Checksum: 89F59BE6FFDE339C34446C8CF554994C;5486.
Package atveryend Info: Empty hook `AtVeryVeryEnd' on input line 310.
 ) 
Here is how much of TeX's memory you used:
 21136 strings out of 492649
 349498 string characters out of 6129622
 441287 words of memory out of 5000000
 24546 multiletter control sequences out of 15000+600000
 657319 words of font info for 214 fonts, out of 8000000 for 9000
 1145 hyphenation exceptions out of 8191
 38i,23n,50p,10334b,603s stack positions out of 5000i,500n,10000p,200000b,80000s
{/usr/local/texlive/2018/texmf-dist/fonts/enc/dvips/lm/lm-rm.enc}{/usr/local/
texlive/2018/texmf-dist/fonts/enc/dvips/lm/lm-mathit.enc}{/usr/local/texlive/20
18/texmf-dist/fonts/enc/dvips/lm/lm-rmtt.enc}{/usr/local/texlive/2018/texmf-dis
t/fonts/enc/dvips/lm/lm-mathex.enc}{/usr/local/texlive/2018/texmf-dist/fonts/en
c/dvips/lm/lm-mathsy.enc}{/usr/local/texlive/2018/texmf-dist/fonts/enc/dvips/lm
/lm-rmsc.enc}</usr/local/texlive/2018/texmf-dist/fonts/type1/public/stix/STIXGe
neral-Italic.pfb></usr/local/texlive/2018/texmf-dist/fonts/type1/public/lm/lmbx
10.pfb></usr/local/texlive/2018/texmf-dist/fonts/type1/public/lm/lmbx12.pfb></u
sr/local/texlive/2018/texmf-dist/fonts/type1/public/lm/lmcsc10.pfb></usr/local/
texlive/2018/texmf-dist/fonts/type1/public/lm/lmex10.pfb></usr/local/texlive/20
18/texmf-dist/fonts/type1/public/lm/lmmi10.pfb></usr/local/texlive/2018/texmf-d
ist/fonts/type1/public/lm/lmmi5.pfb></usr/local/texlive/2018/texmf-dist/fonts/t
ype1/public/lm/lmmi7.pfb></usr/local/texlive/2018/texmf-dist/fonts/type1/public
/lm/lmmi8.pfb></usr/local/texlive/2018/texmf-dist/fonts/type1/public/lm/lmr10.p
fb></usr/local/texlive/2018/texmf-dist/fonts/type1/public/lm/lmr12.pfb></usr/lo
cal/texlive/2018/texmf-dist/fonts/type1/public/lm/lmr17.pfb></usr/local/texlive
/2018/texmf-dist/fonts/type1/public/lm/lmr6.pfb></usr/local/texlive/2018/texmf-
dist/fonts/type1/public/lm/lmr7.pfb></usr/local/texlive/2018/texmf-dist/fonts/t
ype1/public/lm/lmr8.pfb></usr/local/texlive/2018/texmf-dist/fonts/type1/public/
lm/lmri10.pfb></usr/local/texlive/2018/texmf-dist/fonts/type1/public/lm/lmss10.
pfb></usr/local/texlive/2018/texmf-dist/fonts/type1/public/lm/lmss12.pfb></usr/
local/texlive/2018/texmf-dist/fonts/type1/public/lm/lmssbx10.pfb></usr/local/te
xlive/2018/texmf-dist/fonts/type1/public/lm/lmsy10.pfb></usr/local/texlive/2018
/texmf-dist/fonts/type1/public/lm/lmsy6.pfb></usr/local/texlive/2018/texmf-dist
/fonts/type1/public/lm/lmsy7.pfb></usr/local/texlive/2018/texmf-dist/fonts/type
1/public/lm/lmtt10.pfb></usr/local/texlive/2018/texmf-dist/fonts/type1/public/l
m/lmtt8.pfb></usr/local/texlive/2018/texmf-dist/fonts/type1/public/nanumtype1/n
anumgtmad.pfb></usr/local/texlive/2018/texmf-dist/fonts/type1/public/nanumtype1
/nanumgtmae.pfb></usr/local/texlive/2018/texmf-dist/fonts/type1/public/nanumtyp
e1/nanumgtmb1.pfb></usr/local/texlive/2018/texmf-dist/fonts/type1/public/nanumt
ype1/nanumgtmb3.pfb></usr/local/texlive/2018/texmf-dist/fonts/type1/public/nanu
mtype1/nanumgtmb9.pfb></usr/local/texlive/2018/texmf-dist/fonts/type1/public/na
numtype1/nanumgtmbb.pfb></usr/local/texlive/2018/texmf-dist/fonts/type1/public/
nanumtype1/nanumgtmbd.pfb></usr/local/texlive/2018/texmf-dist/fonts/type1/publi
c/nanumtype1/nanumgtmc0.pfb></usr/local/texlive/2018/texmf-dist/fonts/type1/pub
lic/nanumtype1/nanumgtmc1.pfb></usr/local/texlive/2018/texmf-dist/fonts/type1/p
ublic/nanumtype1/nanumgtmc2.pfb></usr/local/texlive/2018/texmf-dist/fonts/type1
/public/nanumtype1/nanumgtmc5.pfb></usr/local/texlive/2018/texmf-dist/fonts/typ
e1/public/nanumtype1/nanumgtmc6.pfb></usr/local/texlive/2018/texmf-dist/fonts/t
ype1/public/nanumtype1/nanumgtmc7.pfb></usr/local/texlive/2018/texmf-dist/fonts
/type1/public/nanumtype1/nanumgtmc8.pfb></usr/local/texlive/2018/texmf-dist/fon
ts/type1/public/nanumtype1/nanumgtmc9.pfb></usr/local/texlive/2018/texmf-dist/f
onts/type1/public/nanumtype1/nanumgtmca.pfb></usr/local/texlive/2018/texmf-dist
/fonts/type1/public/nanumtype1/nanumgtmcd.pfb></usr/local/texlive/2018/texmf-di
st/fonts/type1/public/nanumtype1/nanumgtmd1.pfb></usr/local/texlive/2018/texmf-
dist/fonts/type1/public/nanumtype1/nanumgtmd5.pfb></usr/local/texlive/2018/texm
f-dist/fonts/type1/public/nanumtype1/nanummjbac.pfb></usr/local/texlive/2018/te
xmf-dist/fonts/type1/public/nanumtype1/nanummjbad.pfb></usr/local/texlive/2018/
texmf-dist/fonts/type1/public/nanumtype1/nanummjbb0.pfb></usr/local/texlive/201
8/texmf-dist/fonts/type1/public/nanumtype1/nanummjbb3.pfb></usr/local/texlive/2
018/texmf-dist/fonts/type1/public/nanumtype1/nanummjbb8.pfb></usr/local/texlive
/2018/texmf-dist/fonts/type1/public/nanumtype1/nanummjbb9.pfb></usr/local/texli
ve/2018/texmf-dist/fonts/type1/public/nanumtype1/nanummjbc2.pfb></usr/local/tex
live/2018/texmf-dist/fonts/type1/public/nanumtype1/nanummjbc5.pfb></usr/local/t
exlive/2018/texmf-dist/fonts/type1/public/nanumtype1/nanummjbc8.pfb></usr/local
/texlive/2018/texmf-dist/fonts/type1/public/nanumtype1/nanummjbcd.pfb></usr/loc
al/texlive/2018/texmf-dist/fonts/type1/public/nanumtype1/nanummjbd5.pfb></usr/l
ocal/texlive/2018/texmf-dist/fonts/type1/public/nanumtype1/nanummjbd6.pfb></usr
/local/texlive/2018/texmf-dist/fonts/type1/public/nanumtype1/nanummjmac.pfb></u
sr/local/texlive/2018/texmf-dist/fonts/type1/public/nanumtype1/nanummjmac.pfb><
/usr/local/texlive/2018/texmf-dist/fonts/type1/public/nanumtype1/nanummjmad.pfb
></usr/local/texlive/2018/texmf-dist/fonts/type1/public/nanumtype1/nanummjmad.p
fb></usr/local/texlive/2018/texmf-dist/fonts/type1/public/nanumtype1/nanummjmae
.pfb></usr/local/texlive/2018/texmf-dist/fonts/type1/public/nanumtype1/nanummjm
ae.pfb></usr/local/texlive/2018/texmf-dist/fonts/type1/public/nanumtype1/nanumm
jmaf.pfb></usr/local/texlive/2018/texmf-dist/fonts/type1/public/nanumtype1/nanu
mmjmb0.pfb></usr/local/texlive/2018/texmf-dist/fonts/type1/public/nanumtype1/na
nummjmb0.pfb></usr/local/texlive/2018/texmf-dist/fonts/type1/public/nanumtype1/
nanummjmb1.pfb></usr/local/texlive/2018/texmf-dist/fonts/type1/public/nanumtype
1/nanummjmb2.pfb></usr/local/texlive/2018/texmf-dist/fonts/type1/public/nanumty
pe1/nanummjmb3.pfb></usr/local/texlive/2018/texmf-dist/fonts/type1/public/nanum
type1/nanummjmb3.pfb></usr/local/texlive/2018/texmf-dist/fonts/type1/public/nan
umtype1/nanummjmb4.pfb></usr/local/texlive/2018/texmf-dist/fonts/type1/public/n
anumtype1/nanummjmb5.pfb></usr/local/texlive/2018/texmf-dist/fonts/type1/public
/nanumtype1/nanummjmb6.pfb></usr/local/texlive/2018/texmf-dist/fonts/type1/publ
ic/nanumtype1/nanummjmb7.pfb></usr/local/texlive/2018/texmf-dist/fonts/type1/pu
blic/nanumtype1/nanummjmb8.pfb></usr/local/texlive/2018/texmf-dist/fonts/type1/
public/nanumtype1/nanummjmb8.pfb></usr/local/texlive/2018/texmf-dist/fonts/type
1/public/nanumtype1/nanummjmb9.pfb></usr/local/texlive/2018/texmf-dist/fonts/ty
pe1/public/nanumtype1/nanummjmba.pfb></usr/local/texlive/2018/texmf-dist/fonts/
type1/public/nanumtype1/nanummjmba.pfb></usr/local/texlive/2018/texmf-dist/font
s/type1/public/nanumtype1/nanummjmbb.pfb></usr/local/texlive/2018/texmf-dist/fo
nts/type1/public/nanumtype1/nanummjmbb.pfb></usr/local/texlive/2018/texmf-dist/
fonts/type1/public/nanumtype1/nanummjmbc.pfb></usr/local/texlive/2018/texmf-dis
t/fonts/type1/public/nanumtype1/nanummjmbc.pfb></usr/local/texlive/2018/texmf-d
ist/fonts/type1/public/nanumtype1/nanummjmbd.pfb></usr/local/texlive/2018/texmf
-dist/fonts/type1/public/nanumtype1/nanummjmbe.pfb></usr/local/texlive/2018/tex
mf-dist/fonts/type1/public/nanumtype1/nanummjmbf.pfb></usr/local/texlive/2018/t
exmf-dist/fonts/type1/public/nanumtype1/nanummjmc0.pfb></usr/local/texlive/2018
/texmf-dist/fonts/type1/public/nanumtype1/nanummjmc0.pfb></usr/local/texlive/20
18/texmf-dist/fonts/type1/public/nanumtype1/nanummjmc1.pfb></usr/local/texlive/
2018/texmf-dist/fonts/type1/public/nanumtype1/nanummjmc1.pfb></usr/local/texliv
e/2018/texmf-dist/fonts/type1/public/nanumtype1/nanummjmc2.pfb></usr/local/texl
ive/2018/texmf-dist/fonts/type1/public/nanumtype1/nanummjmc2.pfb></usr/local/te
xlive/2018/texmf-dist/fonts/type1/public/nanumtype1/nanummjmc5.pfb></usr/local/
texlive/2018/texmf-dist/fonts/type1/public/nanumtype1/nanummjmc5.pfb></usr/loca
l/texlive/2018/texmf-dist/fonts/type1/public/nanumtype1/nanummjmc6.pfb></usr/lo
cal/texlive/2018/texmf-dist/fonts/type1/public/nanumtype1/nanummjmc6.pfb></usr/
local/texlive/2018/texmf-dist/fonts/type1/public/nanumtype1/nanummjmc7.pfb></us
r/local/texlive/2018/texmf-dist/fonts/type1/public/nanumtype1/nanummjmc7.pfb></
usr/local/texlive/2018/texmf-dist/fonts/type1/public/nanumtype1/nanummjmc8.pfb>
</usr/local/texlive/2018/texmf-dist/fonts/type1/public/nanumtype1/nanummjmc8.pf
b></usr/local/texlive/2018/texmf-dist/fonts/type1/public/nanumtype1/nanummjmc9.
pfb></usr/local/texlive/2018/texmf-dist/fonts/type1/public/nanumtype1/nanummjmc
c.pfb></usr/local/texlive/2018/texmf-dist/fonts/type1/public/nanumtype1/nanummj
mcc.pfb></usr/local/texlive/2018/texmf-dist/fonts/type1/public/nanumtype1/nanum
mjmcd.pfb></usr/local/texlive/2018/texmf-dist/fonts/type1/public/nanumtype1/nan
ummjmcd.pfb></usr/local/texlive/2018/texmf-dist/fonts/type1/public/nanumtype1/n
anummjmce.pfb></usr/local/texlive/2018/texmf-dist/fonts/type1/public/nanumtype1
/nanummjmcf.pfb></usr/local/texlive/2018/texmf-dist/fonts/type1/public/nanumtyp
e1/nanummjmd0.pfb></usr/local/texlive/2018/texmf-dist/fonts/type1/public/nanumt
ype1/nanummjmd0.pfb></usr/local/texlive/2018/texmf-dist/fonts/type1/public/nanu
mtype1/nanummjmd1.pfb></usr/local/texlive/2018/texmf-dist/fonts/type1/public/na
numtype1/nanummjmd2.pfb></usr/local/texlive/2018/texmf-dist/fonts/type1/public/
nanumtype1/nanummjmd2.pfb></usr/local/texlive/2018/texmf-dist/fonts/type1/publi
c/nanumtype1/nanummjmd3.pfb></usr/local/texlive/2018/texmf-dist/fonts/type1/pub
lic/nanumtype1/nanummjmd4.pfb></usr/local/texlive/2018/texmf-dist/fonts/type1/p
ublic/nanumtype1/nanummjmd5.pfb></usr/local/texlive/2018/texmf-dist/fonts/type1
/public/nanumtype1/nanummjmd5.pfb></usr/local/texlive/2018/texmf-dist/fonts/typ
e1/public/nanumtype1/nanummjmd6.pfb></usr/local/texlive/2018/texmf-dist/fonts/t
ype1/public/nanumtype1/nanummjmd6.pfb></usr/local/texlive/2018/texmf-dist/fonts
/type1/public/nanumtype1/nanummjmd7.pfb>
Output written on main.pdf (37 pages, 4627771 bytes).
PDF statistics:
 1291 PDF objects out of 1440 (max. 8388607)
 1062 compressed objects within 11 object streams
 140 named destinations out of 1000 (max. 500000)
 306 words of extra memory for PDF output out of 10000 (max. 10000000)

